{"time":"2025-11-23T20:54:37.9718663+03:00","level":"INFO","source":{"function":"main.main","file":"C:/GolangProj/barcode/barcode-generator/main.go","line":13},"msg":"start main"}
{"time":"2025-11-23T20:54:38.2841983+03:00","level":"INFO","source":{"function":"main/gui.makeOpenFile","file":"C:/GolangProj/barcode/barcode-generator/gui/openFile.go","line":22},"msg":"start makeOpenFile"}
{"time":"2025-11-23T20:54:42.5800581+03:00","level":"INFO","source":{"function":"main/gui.makeOpenFile.func1","file":"C:/GolangProj/barcode/barcode-generator/gui/openFile.go","line":25},"msg":"попытка открытия файла"}
{"time":"2025-11-23T20:54:43.6113017+03:00","level":"INFO","source":{"function":"main/gui.makeOpenFile.func1.1","file":"C:/GolangProj/barcode/barcode-generator/gui/openFile.go","line":34},"msg":"проверка на нажатие отмены"}
{"time":"2025-11-23T20:54:43.6113017+03:00","level":"INFO","source":{"function":"main/gui.makeOpenFile.func1.1","file":"C:/GolangProj/barcode/barcode-generator/gui/openFile.go","line":41},"msg":"попытка чтения файла"}
{"time":"2025-11-23T20:54:43.6113017+03:00","level":"INFO","source":{"function":"main/gui.makeOpenFile.func1.1","file":"C:/GolangProj/barcode/barcode-generator/gui/openFile.go","line":49},"msg":"try ProcessFile"}
{"time":"2025-11-23T20:54:43.6113017+03:00","level":"INFO","source":{"function":"main/app.(*Controller).ProcessFile","file":"C:/GolangProj/barcode/barcode-generator/app/controller.go","line":34},"msg":"try csvreader.Read"}
{"time":"2025-11-23T20:54:43.6113017+03:00","level":"INFO","source":{"function":"main/app.(*Controller).ProcessFile","file":"C:/GolangProj/barcode/barcode-generator/app/controller.go","line":36},"msg":"success csvreader.Read"}
{"time":"2025-11-23T20:54:43.6113017+03:00","level":"INFO","source":{"function":"main/app.(*Controller).RegeneratePreview","file":"C:/GolangProj/barcode/barcode-generator/app/controller.go","line":128},"msg":"try RegeneratePreview"}
{"time":"2025-11-23T20:54:43.6113017+03:00","level":"INFO","source":{"function":"main/app.(*Controller).RegeneratePreview","file":"C:/GolangProj/barcode/barcode-generator/app/controller.go","line":133},"msg":"try GenerateCode128"}
{"time":"2025-11-23T20:54:43.6113017+03:00","level":"INFO","source":{"function":"main/app.(*Controller).RegeneratePreview","file":"C:/GolangProj/barcode/barcode-generator/app/controller.go","line":135},"msg":"done GenerateCode128"}
{"time":"2025-11-23T20:54:43.6113017+03:00","level":"INFO","source":{"function":"main/app.(*Controller).RegeneratePreview","file":"C:/GolangProj/barcode/barcode-generator/app/controller.go","line":142},"msg":"try MakePDF"}
{"time":"2025-11-23T20:54:43.6425531+03:00","level":"INFO","source":{"function":"main/app.(*Controller).RegeneratePreview","file":"C:/GolangProj/barcode/barcode-generator/app/controller.go","line":144},"msg":"done MakePDF"}
{"time":"2025-11-23T20:54:43.6425531+03:00","level":"INFO","source":{"function":"main/app.(*Controller).RegeneratePreview","file":"C:/GolangProj/barcode/barcode-generator/app/controller.go","line":146},"msg":"try BytesPdfToPNGConvert"}
{"time":"2025-11-23T20:54:43.7050523+03:00","level":"INFO","source":{"function":"main/app.(*Controller).RegeneratePreview","file":"C:/GolangProj/barcode/barcode-generator/app/controller.go","line":148},"msg":"done BytesPdfToPNGConvert"}
{"time":"2025-11-23T20:54:43.7050523+03:00","level":"INFO","source":{"function":"main/app.(*Controller).RegeneratePreview","file":"C:/GolangProj/barcode/barcode-generator/app/controller.go","line":153},"msg":"done RegeneratePreview"}
{"time":"2025-11-23T20:54:43.7050523+03:00","level":"INFO","source":{"function":"main/gui.makeOpenFile.func1.1","file":"C:/GolangProj/barcode/barcode-generator/gui/openFile.go","line":56},"msg":"try RegeneradePreview"}
{"time":"2025-11-23T20:54:43.7050523+03:00","level":"INFO","source":{"function":"main/app.(*Controller).RegeneratePreview","file":"C:/GolangProj/barcode/barcode-generator/app/controller.go","line":128},"msg":"try RegeneratePreview"}
{"time":"2025-11-23T20:54:43.7050523+03:00","level":"INFO","source":{"function":"main/app.(*Controller).RegeneratePreview","file":"C:/GolangProj/barcode/barcode-generator/app/controller.go","line":133},"msg":"try GenerateCode128"}
{"time":"2025-11-23T20:54:43.7050523+03:00","level":"INFO","source":{"function":"main/app.(*Controller).RegeneratePreview","file":"C:/GolangProj/barcode/barcode-generator/app/controller.go","line":135},"msg":"done GenerateCode128"}
{"time":"2025-11-23T20:54:43.7050523+03:00","level":"INFO","source":{"function":"main/app.(*Controller).RegeneratePreview","file":"C:/GolangProj/barcode/barcode-generator/app/controller.go","line":142},"msg":"try MakePDF"}
{"time":"2025-11-23T20:54:43.7050523+03:00","level":"INFO","source":{"function":"main/app.(*Controller).RegeneratePreview","file":"C:/GolangProj/barcode/barcode-generator/app/controller.go","line":144},"msg":"done MakePDF"}
{"time":"2025-11-23T20:54:43.7050523+03:00","level":"INFO","source":{"function":"main/app.(*Controller).RegeneratePreview","file":"C:/GolangProj/barcode/barcode-generator/app/controller.go","line":146},"msg":"try BytesPdfToPNGConvert"}
{"time":"2025-11-23T20:54:43.7519283+03:00","level":"INFO","source":{"function":"main/app.(*Controller).RegeneratePreview","file":"C:/GolangProj/barcode/barcode-generator/app/controller.go","line":148},"msg":"done BytesPdfToPNGConvert"}
{"time":"2025-11-23T20:54:43.7519283+03:00","level":"INFO","source":{"function":"main/app.(*Controller).RegeneratePreview","file":"C:/GolangProj/barcode/barcode-generator/app/controller.go","line":153},"msg":"done RegeneratePreview"}
{"time":"2025-11-23T20:54:43.7519283+03:00","level":"INFO","source":{"function":"main/gui.makeOpenFile.func1.1","file":"C:/GolangProj/barcode/barcode-generator/gui/openFile.go","line":58},"msg":"success RegeneradePreview"}
